nverts 104305 nelms 581196
original_metrics size 625830
limited gradation in 1 steps
before adapting:
581196 tets, quality [0.10,1.00], 756 in [0.10,0.30], 580440 >0.30
691152 edges, length [0.11,2.13], 85557 <0.71, 580333 in [0.71,1.41], 25262 >1.41
quality histogram:
0.00-0.10: 0
0.10-0.20: 55
0.20-0.30: 701
0.30-0.40: 4773
0.40-0.50: 19407
0.50-0.60: 54945
0.60-0.70: 107616
0.70-0.80: 159698
0.80-0.90: 165568
0.90-1.00: 68433
length histogram:
0.00-0.30: 484
0.30-0.60: 31311
0.60-0.90: 230872
0.90-1.20: 288921
1.20-1.50: 130444
1.50-1.80: 8979
1.80-2.10: 139
2.10-2.40: 2
2.40-2.70: 0
2.70-3.00: 0
average quality: 0.750507
addressing edge lengths
refining 18158 edges
663116 tets, quality [0.10,1.00], 877 in [0.10,0.30], 662239 >0.30
791755 edges, length [0.11,2.00], 127479 <0.71, 657152 in [0.71,1.41], 7124 >1.41
coarsening 23866 vertices
562555 tets, quality [0.10,1.00], 1322 in [0.10,0.30], 561233 >0.30
666809 edges, length [0.18,2.00], 59380 <0.71, 600326 in [0.71,1.41], 7103 >1.41
refining 5836 edges
589620 tets, quality [0.10,1.00], 1447 in [0.10,0.30], 588173 >0.30
699870 edges, length [0.11,1.95], 73991 <0.71, 624610 in [0.71,1.41], 1269 >1.41
coarsening 9801 vertices
546713 tets, quality [0.10,1.00], 1552 in [0.10,0.30], 545161 >0.30
646950 edges, length [0.18,1.95], 47098 <0.71, 598584 in [0.71,1.41], 1268 >1.41
refining 1160 edges
551926 tets, quality [0.10,1.00], 1621 in [0.10,0.30], 550305 >0.30
653354 edges, length [0.17,1.95], 50249 <0.71, 602997 in [0.71,1.41], 108 >1.41
coarsening 2858 vertices
538758 tets, quality [0.10,1.00], 1590 in [0.10,0.30], 537168 >0.30
637276 edges, length [0.20,1.95], 42544 <0.71, 594624 in [0.71,1.41], 108 >1.41
refining 99 edges
539187 tets, quality [0.10,1.00], 1601 in [0.10,0.30], 537586 >0.30
637806 edges, length [0.20,1.95], 42834 <0.71, 594962 in [0.71,1.41], 10 >1.41
coarsening 542 vertices
536508 tets, quality [0.10,1.00], 1596 in [0.10,0.30], 534912 >0.30
634577 edges, length [0.20,1.95], 41419 <0.71, 593148 in [0.71,1.41], 10 >1.41
refining 3 edges
536520 tets, quality [0.10,1.00], 1596 in [0.10,0.30], 534924 >0.30
634592 edges, length [0.20,1.95], 41427 <0.71, 593158 in [0.71,1.41], 7 >1.41
coarsening 79 vertices
536103 tets, quality [0.10,1.00], 1598 in [0.10,0.30], 534505 >0.30
634095 edges, length [0.20,1.95], 41215 <0.71, 592873 in [0.71,1.41], 7 >1.41
refining 1 edges
536106 tets, quality [0.10,1.00], 1598 in [0.10,0.30], 534508 >0.30
634099 edges, length [0.20,1.59], 41218 <0.71, 592875 in [0.71,1.41], 6 >1.41
coarsening 19 vertices
536011 tets, quality [0.10,1.00], 1598 in [0.10,0.30], 534413 >0.30
633983 edges, length [0.20,1.59], 41170 <0.71, 592807 in [0.71,1.41], 6 >1.41
coarsening 5 vertices
535986 tets, quality [0.10,1.00], 1598 in [0.10,0.30], 534388 >0.30
633953 edges, length [0.20,1.59], 41160 <0.71, 592787 in [0.71,1.41], 6 >1.41
coarsening 1 vertices
535980 tets, quality [0.10,1.00], 1598 in [0.10,0.30], 534382 >0.30
633946 edges, length [0.20,1.59], 41158 <0.71, 592782 in [0.71,1.41], 6 >1.41
addressing element qualities
swapping 12021 3D edges
534245 tets, quality [0.11,1.00], 145 in [0.10,0.30], 534100 >0.30
632211 edges, length [0.20,2.03], 41258 <0.71, 588466 in [0.71,1.41], 2487 >1.41
swapping 567 3D edges
534117 tets, quality [0.15,1.00], 14 in [0.10,0.30], 534103 >0.30
632083 edges, length [0.20,2.03], 41261 <0.71, 588255 in [0.71,1.41], 2567 >1.41
swapping 26 3D edges
534108 tets, quality [0.23,1.00], 6 in [0.10,0.30], 534102 >0.30
632074 edges, length [0.20,2.03], 41261 <0.71, 588246 in [0.71,1.41], 2567 >1.41
swapping 3 3D edges
534108 tets, quality [0.23,1.00], 6 in [0.10,0.30], 534102 >0.30
632074 edges, length [0.20,2.03], 41261 <0.71, 588246 in [0.71,1.41], 2567 >1.41
swapping 3 3D edges
534108 tets, quality [0.23,1.00], 6 in [0.10,0.30], 534102 >0.30
632074 edges, length [0.20,2.03], 41261 <0.71, 588246 in [0.71,1.41], 2567 >1.41
swapping 1 3D edges
534108 tets, quality [0.23,1.00], 6 in [0.10,0.30], 534102 >0.30
632074 edges, length [0.20,2.03], 41261 <0.71, 588246 in [0.71,1.41], 2567 >1.41
coarsening 29 vertices
533937 tets, quality [0.30,1.00], 533937 >0.30
631872 edges, length [0.20,2.03], 41220 <0.71, 588020 in [0.71,1.41], 2632 >1.41
quality histogram:
0.00-0.10: 0
0.10-0.20: 0
0.20-0.30: 0
0.30-0.40: 2175
0.40-0.50: 7678
0.50-0.60: 27491
0.60-0.70: 77453
0.70-0.80: 151457
0.80-0.90: 185036
0.90-1.00: 82647
length histogram:
0.00-0.30: 4
0.30-0.60: 7288
0.60-0.90: 186852
0.90-1.20: 300532
1.20-1.50: 135965
1.50-1.80: 1194
1.80-2.10: 37
2.10-2.40: 0
2.40-2.70: 0
2.70-3.00: 0
average quality: 0.784734
addressing edge lengths took 0.601855 seconds
addressing element qualities took 0.284187 seconds
adapting took 0.891196 seconds

