nverts 104305 nelms 581196
original_metrics size 625830
KokkosP: MemoryEvents loaded (sequence: 0, version: 20211015)
limited gradation in 1 steps
approach_metric moved by factor 0.25
before adapting:
581196 tets, quality [0.12,1.00], 230 in [0.10,0.30], 580966 >0.30
691152 edges, length [0.28,2.46], 6976 <0.71, 546660 in [0.71,1.41], 137516 >1.41
quality histogram:
0.00-0.10: 0
0.10-0.20: 23
0.20-0.30: 207
0.30-0.40: 1562
0.40-0.50: 7675
0.50-0.60: 28451
0.60-0.70: 78405
0.70-0.80: 160648
0.80-0.90: 201995
0.90-1.00: 102230
length histogram:
0.00-0.30: 1
0.30-0.60: 1249
0.60-0.90: 71091
0.90-1.20: 281395
1.20-1.50: 258436
1.50-1.80: 75186
1.80-2.10: 3718
2.10-2.40: 75
2.40-2.70: 1
2.70-3.00: 0
average quality: 0.791275
addressing edge lengths
refining 60426 edges
851751 tets, quality [0.12,1.00], 574 in [0.10,0.30], 851177 >0.30
1024025 edges, length [0.15,2.36], 74031 <0.71, 871351 in [0.71,1.41], 78643 >1.41
coarsening 16296 vertices
785871 tets, quality [0.10,1.00], 711 in [0.10,0.30], 785160 >0.30
941657 edges, length [0.17,2.36], 46436 <0.71, 816762 in [0.71,1.41], 78459 >1.41
refining 46223 edges
1020875 tets, quality [0.10,1.00], 1095 in [0.10,0.30], 1019780 >0.30
1223930 edges, length [0.10,2.36], 141186 <0.71, 1049924 in [0.71,1.41], 32820 >1.41
coarsening 29791 vertices
901948 tets, quality [0.10,1.00], 1765 in [0.10,0.30], 900183 >0.30
1074777 edges, length [0.16,2.36], 76342 <0.71, 965836 in [0.71,1.41], 32599 >1.41
refining 24927 edges
1030074 tets, quality [0.10,1.00], 2142 in [0.10,0.30], 1027932 >0.30
1228171 edges, length [0.14,2.14], 141116 <0.71, 1079307 in [0.71,1.41], 7748 >1.41
coarsening 19928 vertices
949808 tets, quality [0.10,1.00], 3355 in [0.10,0.30], 946453 >0.30
1127769 edges, length [0.17,2.14], 88901 <0.71, 1031184 in [0.71,1.41], 7684 >1.41
refining 6782 edges
983176 tets, quality [0.10,1.00], 3617 in [0.10,0.30], 979559 >0.30
1167975 edges, length [0.13,2.14], 108217 <0.71, 1058849 in [0.71,1.41], 909 >1.41
coarsening 6874 vertices
954908 tets, quality [0.10,1.00], 3931 in [0.10,0.30], 950977 >0.30
1132775 edges, length [0.17,2.14], 89331 <0.71, 1042545 in [0.71,1.41], 899 >1.41
refining 784 edges
958385 tets, quality [0.10,1.00], 4015 in [0.10,0.30], 954370 >0.30
1137039 edges, length [0.17,1.81], 91607 <0.71, 1045316 in [0.71,1.41], 116 >1.41
coarsening 1333 vertices
952554 tets, quality [0.10,1.00], 4002 in [0.10,0.30], 948552 >0.30
1129861 edges, length [0.20,1.81], 88077 <0.71, 1041675 in [0.71,1.41], 109 >1.41
refining 88 edges
952926 tets, quality [0.10,1.00], 4016 in [0.10,0.30], 948910 >0.30
1130321 edges, length [0.18,1.71], 88335 <0.71, 1041965 in [0.71,1.41], 21 >1.41
coarsening 290 vertices
951557 tets, quality [0.10,1.00], 4003 in [0.10,0.30], 947554 >0.30
1128659 edges, length [0.20,1.71], 87572 <0.71, 1041066 in [0.71,1.41], 21 >1.41
refining 4 edges
951574 tets, quality [0.10,1.00], 4003 in [0.10,0.30], 947571 >0.30
1128680 edges, length [0.20,1.71], 87587 <0.71, 1041076 in [0.71,1.41], 17 >1.41
coarsening 52 vertices
951317 tets, quality [0.10,1.00], 4001 in [0.10,0.30], 947316 >0.30
1128369 edges, length [0.20,1.71], 87435 <0.71, 1040917 in [0.71,1.41], 17 >1.41
coarsening 8 vertices
951280 tets, quality [0.10,1.00], 3999 in [0.10,0.30], 947281 >0.30
1128324 edges, length [0.20,1.71], 87417 <0.71, 1040890 in [0.71,1.41], 17 >1.41
coarsening 1 vertices
951275 tets, quality [0.10,1.00], 3999 in [0.10,0.30], 947276 >0.30
1128318 edges, length [0.20,1.71], 87415 <0.71, 1040886 in [0.71,1.41], 17 >1.41
addressing element qualities
swapping 25552 3D edges
952416 tets, quality [0.10,1.00], 442 in [0.10,0.30], 951974 >0.30
1129459 edges, length [0.20,2.12], 87686 <0.71, 1036072 in [0.71,1.41], 5701 >1.41
swapping 1598 3D edges
952109 tets, quality [0.10,1.00], 35 in [0.10,0.30], 952074 >0.30
1129152 edges, length [0.20,2.06], 87687 <0.71, 1035552 in [0.71,1.41], 5913 >1.41
swapping 55 3D edges
952100 tets, quality [0.23,1.00], 15 in [0.10,0.30], 952085 >0.30
1129143 edges, length [0.20,2.06], 87687 <0.71, 1035532 in [0.71,1.41], 5924 >1.41
swapping 8 3D edges
952101 tets, quality [0.24,1.00], 11 in [0.10,0.30], 952090 >0.30
1129144 edges, length [0.20,2.06], 87686 <0.71, 1035537 in [0.71,1.41], 5921 >1.41
swapping 1 3D edges
952102 tets, quality [0.24,1.00], 11 in [0.10,0.30], 952091 >0.30
1129145 edges, length [0.20,2.06], 87686 <0.71, 1035538 in [0.71,1.41], 5921 >1.41
coarsening 53 vertices
951802 tets, quality [0.24,1.00], 6 in [0.10,0.30], 951796 >0.30
1128790 edges, length [0.20,2.06], 87602 <0.71, 1035173 in [0.71,1.41], 6015 >1.41
swapping 21 3D edges
951805 tets, quality [0.24,1.00], 4 in [0.10,0.30], 951801 >0.30
1128793 edges, length [0.20,2.06], 87602 <0.71, 1035179 in [0.71,1.41], 6012 >1.41
swapping 5 3D edges
951806 tets, quality [0.24,1.00], 3 in [0.10,0.30], 951803 >0.30
1128794 edges, length [0.20,2.06], 87602 <0.71, 1035180 in [0.71,1.41], 6012 >1.41
coarsening 9 vertices
951749 tets, quality [0.30,1.00], 951749 >0.30
1128728 edges, length [0.20,2.06], 87591 <0.71, 1035106 in [0.71,1.41], 6031 >1.41
quality histogram:
0.00-0.10: 0
0.10-0.20: 0
0.20-0.30: 0
0.30-0.40: 3168
0.40-0.50: 9659
0.50-0.60: 43125
0.60-0.70: 156253
0.70-0.80: 309950
0.80-0.90: 313959
0.90-1.00: 115635
length histogram:
0.00-0.30: 15
0.30-0.60: 21091
0.60-0.90: 342893
0.90-1.20: 482727
1.20-1.50: 279181
1.50-1.80: 2743
1.80-2.10: 78
2.10-2.40: 0
2.40-2.70: 0
2.70-3.00: 0
average quality: 0.77731
addressing edge lengths took 1.02124 seconds
addressing element qualities took 0.547958 seconds
adapting took 1.57615 seconds

approach_metric moved by factor 0.5
before adapting:
951749 tets, quality [0.22,1.00], 213 in [0.10,0.30], 951536 >0.30
1128728 edges, length [0.27,2.74], 9773 <0.71, 625812 in [0.71,1.41], 493143 >1.41
quality histogram:
0.00-0.10: 0
0.10-0.20: 0
0.20-0.30: 213
0.30-0.40: 3166
0.40-0.50: 11510
0.50-0.60: 50312
0.60-0.70: 167540
0.70-0.80: 306677
0.80-0.90: 302033
0.90-1.00: 110298
length histogram:
0.00-0.30: 2
0.30-0.60: 2025
0.60-0.90: 63526
0.90-1.20: 320004
1.20-1.50: 353429
1.50-1.80: 304337
1.80-2.10: 83984
2.10-2.40: 1355
2.40-2.70: 64
2.70-3.00: 2
average quality: 0.771506
addressing edge lengths
refining 125309 edges
1531985 tets, quality [0.19,1.00], 964 in [0.10,0.30], 1531021 >0.30
1838491 edges, length [0.17,2.60], 81059 <0.71, 1341345 in [0.71,1.41], 416087 >1.41
coarsening 10280 vertices
1491263 tets, quality [0.10,1.00], 1046 in [0.10,0.30], 1490217 >0.30
1787254 edges, length [0.20,2.60], 63261 <0.71, 1308658 in [0.71,1.41], 415335 >1.41
refining 142522 edges
2234333 tets, quality [0.10,1.00], 2387 in [0.10,0.30], 2231946 >0.30
2676429 edges, length [0.13,2.44], 265955 <0.71, 2109822 in [0.71,1.41], 300652 >1.41
coarsening 55014 vertices
2016432 tets, quality [0.10,1.00], 3182 in [0.10,0.30], 2013250 >0.30
2402316 edges, length [0.20,2.44], 154564 <0.71, 1951095 in [0.71,1.41], 296657 >1.41
refining 141185 edges
2769522 tets, quality [0.10,1.00], 5343 in [0.10,0.30], 2764179 >0.30
3298574 edges, length [0.10,2.44], 446244 <0.71, 2687493 in [0.71,1.41], 164837 >1.41
coarsening 85928 vertices
2426111 tets, quality [0.10,1.00], 11514 in [0.10,0.30], 2414597 >0.30
2868101 edges, length [0.15,2.44], 242225 <0.71, 2464335 in [0.71,1.41], 161541 >1.41
refining 101019 edges
2938730 tets, quality [0.10,1.00], 14819 in [0.10,0.30], 2923911 >0.30
3482410 edges, length [0.11,2.44], 494541 <0.71, 2925665 in [0.71,1.41], 62204 >1.41
coarsening 79333 vertices
2617635 tets, quality [0.10,1.00], 19316 in [0.10,0.30], 2598319 >0.30
3081436 edges, length [0.15,2.44], 287892 <0.71, 2732474 in [0.71,1.41], 61070 >1.41
refining 45640 edges
2829005 tets, quality [0.10,1.00], 22276 in [0.10,0.30], 2806729 >0.30
3338572 edges, length [0.14,2.44], 412189 <0.71, 2910707 in [0.71,1.41], 15676 >1.41
coarsening 46024 vertices
2636874 tets, quality [0.10,1.00], 21457 in [0.10,0.30], 2615417 >0.30
3100238 edges, length [0.15,2.44], 289257 <0.71, 2795619 in [0.71,1.41], 15362 >1.41
refining 12830 edges
2691347 tets, quality [0.10,1.00], 22741 in [0.10,0.30], 2668606 >0.30
3167554 edges, length [0.10,2.36], 325705 <0.71, 2839288 in [0.71,1.41], 2561 >1.41
coarsening 19979 vertices
2602104 tets, quality [0.10,1.00], 21233 in [0.10,0.30], 2580871 >0.30
3058267 edges, length [0.15,2.36], 273171 <0.71, 2782584 in [0.71,1.41], 2512 >1.41
refining 2099 edges
2610521 tets, quality [0.10,1.00], 21495 in [0.10,0.30], 2589026 >0.30
3068784 edges, length [0.13,2.25], 279374 <0.71, 2788995 in [0.71,1.41], 415 >1.41
coarsening 7331 vertices
2575127 tets, quality [0.10,1.00], 20958 in [0.10,0.30], 2554169 >0.30
3026037 edges, length [0.15,2.25], 260758 <0.71, 2764871 in [0.71,1.41], 408 >1.41
refining 182 edges
2575839 tets, quality [0.10,1.00], 20984 in [0.10,0.30], 2554855 >0.30
3026931 edges, length [0.11,2.25], 261321 <0.71, 2765383 in [0.71,1.41], 227 >1.41
coarsening 2402 vertices
2563780 tets, quality [0.10,1.00], 20868 in [0.10,0.30], 2542912 >0.30
3012461 edges, length [0.15,2.25], 255513 <0.71, 2756724 in [0.71,1.41], 224 >1.41
refining 16 edges
2563842 tets, quality [0.10,1.00], 20871 in [0.10,0.30], 2542971 >0.30
3012539 edges, length [0.10,2.21], 255562 <0.71, 2756769 in [0.71,1.41], 208 >1.41
coarsening 655 vertices
2560489 tets, quality [0.10,1.00], 20836 in [0.10,0.30], 2539653 >0.30
3008528 edges, length [0.15,2.21], 254039 <0.71, 2754281 in [0.71,1.41], 208 >1.41
refining 1 edges
2560492 tets, quality [0.10,1.00], 20835 in [0.10,0.30], 2539657 >0.30
3008532 edges, length [0.15,2.21], 254042 <0.71, 2754283 in [0.71,1.41], 207 >1.41
coarsening 127 vertices
2559847 tets, quality [0.10,1.00], 20825 in [0.10,0.30], 2539022 >0.30
3007760 edges, length [0.15,2.21], 253742 <0.71, 2753811 in [0.71,1.41], 207 >1.41
coarsening 23 vertices
2559731 tets, quality [0.10,1.00], 20818 in [0.10,0.30], 2538913 >0.30
3007621 edges, length [0.15,2.21], 253687 <0.71, 2753727 in [0.71,1.41], 207 >1.41
coarsening 4 vertices
2559709 tets, quality [0.10,1.00], 20818 in [0.10,0.30], 2538891 >0.30
3007595 edges, length [0.15,2.21], 253677 <0.71, 2753711 in [0.71,1.41], 207 >1.41
coarsening 1 vertices
2559704 tets, quality [0.10,1.00], 20818 in [0.10,0.30], 2538886 >0.30
3007589 edges, length [0.15,2.21], 253676 <0.71, 2753706 in [0.71,1.41], 207 >1.41
addressing element qualities
swapping 144180 3D edges
2543900 tets, quality [0.10,1.00], 2659 in [0.10,0.30], 2541241 >0.30
2991785 edges, length [0.12,2.08], 254779 <0.71, 2719229 in [0.71,1.41], 17777 >1.41
swapping 11878 3D edges
2541546 tets, quality [0.10,1.00], 240 in [0.10,0.30], 2541306 >0.30
2989431 edges, length [0.12,2.08], 254780 <0.71, 2715858 in [0.71,1.41], 18793 >1.41
swapping 636 3D edges
2541453 tets, quality [0.10,1.00], 41 in [0.10,0.30], 2541412 >0.30
2989338 edges, length [0.12,2.04], 254784 <0.71, 2715733 in [0.71,1.41], 18821 >1.41
swapping 47 3D edges
2541445 tets, quality [0.17,1.00], 24 in [0.10,0.30], 2541421 >0.30
2989330 edges, length [0.12,2.04], 254785 <0.71, 2715719 in [0.71,1.41], 18826 >1.41
swapping 6 3D edges
2541445 tets, quality [0.17,1.00], 22 in [0.10,0.30], 2541423 >0.30
2989330 edges, length [0.12,2.04], 254785 <0.71, 2715720 in [0.71,1.41], 18825 >1.41
swapping 3 3D edges
2541445 tets, quality [0.17,1.00], 22 in [0.10,0.30], 2541423 >0.30
2989330 edges, length [0.12,2.04], 254785 <0.71, 2715722 in [0.71,1.41], 18823 >1.41
swapping 3 3D edges
2541445 tets, quality [0.17,1.00], 22 in [0.10,0.30], 2541423 >0.30
2989330 edges, length [0.12,2.04], 254785 <0.71, 2715723 in [0.71,1.41], 18822 >1.41
swapping 3 3D edges
2541443 tets, quality [0.17,1.00], 21 in [0.10,0.30], 2541422 >0.30
2989328 edges, length [0.12,2.04], 254785 <0.71, 2715720 in [0.71,1.41], 18823 >1.41
coarsening 102 vertices
2540832 tets, quality [0.17,1.00], 8 in [0.10,0.30], 2540824 >0.30
2988609 edges, length [0.15,2.17], 254606 <0.71, 2715005 in [0.71,1.41], 18998 >1.41
swapping 22 3D edges
2540834 tets, quality [0.17,1.00], 7 in [0.10,0.30], 2540827 >0.30
2988611 edges, length [0.15,2.17], 254606 <0.71, 2715014 in [0.71,1.41], 18991 >1.41
swapping 7 3D edges
2540833 tets, quality [0.25,1.00], 5 in [0.10,0.30], 2540828 >0.30
2988610 edges, length [0.15,2.17], 254606 <0.71, 2715015 in [0.71,1.41], 18989 >1.41
swapping 2 3D edges
2540834 tets, quality [0.25,1.00], 5 in [0.10,0.30], 2540829 >0.30
2988611 edges, length [0.15,2.17], 254606 <0.71, 2715016 in [0.71,1.41], 18989 >1.41
coarsening 14 vertices
2540748 tets, quality [0.28,1.00], 2 in [0.10,0.30], 2540746 >0.30
2988511 edges, length [0.15,2.17], 254595 <0.71, 2714898 in [0.71,1.41], 19018 >1.41
swapping 7 3D edges
2540747 tets, quality [0.28,1.00], 2 in [0.10,0.30], 2540745 >0.30
2988510 edges, length [0.15,2.17], 254595 <0.71, 2714897 in [0.71,1.41], 19018 >1.41
swapping 2 3D edges
2540748 tets, quality [0.28,1.00], 2 in [0.10,0.30], 2540746 >0.30
2988511 edges, length [0.15,2.17], 254595 <0.71, 2714898 in [0.71,1.41], 19018 >1.41
coarsening 5 vertices
2540721 tets, quality [0.30,1.00], 2540721 >0.30
2988479 edges, length [0.15,2.37], 254589 <0.71, 2714856 in [0.71,1.41], 19034 >1.41
quality histogram:
0.00-0.10: 0
0.10-0.20: 0
0.20-0.30: 0
0.30-0.40: 11806
0.40-0.50: 33485
0.50-0.60: 136311
0.60-0.70: 438865
0.70-0.80: 779659
0.80-0.90: 810981
0.90-1.00: 329614
length histogram:
0.00-0.30: 73
0.30-0.60: 80744
0.60-0.90: 1087633
0.90-1.20: 1193942
1.20-1.50: 617605
1.50-1.80: 8359
1.80-2.10: 121
2.10-2.40: 2
2.40-2.70: 0
2.70-3.00: 0
average quality: 0.773896
addressing edge lengths took 2.78495 seconds
addressing element qualities took 1.83365 seconds
adapting took 4.63099 seconds

approach_metric moved by factor 0.5
before adapting:
2540721 tets, quality [0.25,1.00], 322 in [0.10,0.30], 2540399 >0.30
2988479 edges, length [0.17,2.67], 96391 <0.71, 2359361 in [0.71,1.41], 532727 >1.41
quality histogram:
0.00-0.10: 0
0.10-0.20: 0
0.20-0.30: 322
0.30-0.40: 12003
0.40-0.50: 36129
0.50-0.60: 145244
0.60-0.70: 448558
0.70-0.80: 777379
0.80-0.90: 800460
0.90-1.00: 320626
length histogram:
0.00-0.30: 25
0.30-0.60: 30644
0.60-0.90: 549734
0.90-1.20: 1205377
1.20-1.50: 895694
1.50-1.80: 302476
1.80-2.10: 4428
2.10-2.40: 99
2.40-2.70: 2
2.70-3.00: 0
average quality: 0.771287
addressing edge lengths
refining 243916 edges
3631812 tets, quality [0.20,1.00], 2233 in [0.10,0.30], 3629579 >0.30
4328458 edges, length [0.15,2.36], 416820 <0.71, 3621570 in [0.71,1.41], 290068 >1.41
coarsening 95496 vertices
3249755 tets, quality [0.10,1.00], 5449 in [0.10,0.30], 3244306 >0.30
3849382 edges, length [0.17,2.36], 225898 <0.71, 3334185 in [0.71,1.41], 289299 >1.41
refining 177872 edges
4112364 tets, quality [0.10,1.00], 8194 in [0.10,0.30], 4104170 >0.30
4891885 edges, length [0.11,2.36], 600231 <0.71, 4179885 in [0.71,1.41], 111769 >1.41
coarsening 142910 vertices
3540576 tets, quality [0.10,1.00], 10150 in [0.10,0.30], 3530426 >0.30
4175837 edges, length [0.13,2.36], 282985 <0.71, 3781481 in [0.71,1.41], 111371 >1.41
refining 89737 edges
3963435 tets, quality [0.10,1.00], 12622 in [0.10,0.30], 3950813 >0.30
4688895 edges, length [0.12,2.36], 505118 <0.71, 4162110 in [0.71,1.41], 21667 >1.41
coarsening 85392 vertices
3616155 tets, quality [0.10,1.00], 13684 in [0.10,0.30], 3602471 >0.30
4255812 edges, length [0.13,2.36], 295799 <0.71, 3938424 in [0.71,1.41], 21589 >1.41
refining 20153 edges
3707812 tets, quality [0.10,1.00], 14754 in [0.10,0.30], 3693058 >0.30
4367658 edges, length [0.12,2.36], 349126 <0.71, 4017087 in [0.71,1.41], 1445 >1.41
coarsening 27455 vertices
3589929 tets, quality [0.10,1.00], 14661 in [0.10,0.30], 3575268 >0.30
4222249 edges, length [0.13,2.36], 281732 <0.71, 3939085 in [0.71,1.41], 1432 >1.41
refining 1299 edges
3595551 tets, quality [0.10,1.00], 14777 in [0.10,0.30], 3580774 >0.30
4229173 edges, length [0.13,2.12], 285182 <0.71, 3943858 in [0.71,1.41], 133 >1.41
coarsening 4717 vertices
3573330 tets, quality [0.10,1.00], 14851 in [0.10,0.30], 3558479 >0.30
4202220 edges, length [0.19,2.12], 274544 <0.71, 3927545 in [0.71,1.41], 131 >1.41
refining 32 edges
3573454 tets, quality [0.10,1.00], 14858 in [0.10,0.30], 3558596 >0.30
4202376 edges, length [0.19,2.12], 274642 <0.71, 3927634 in [0.71,1.41], 100 >1.41
coarsening 587 vertices
3570533 tets, quality [0.10,1.00], 14900 in [0.10,0.30], 3555633 >0.30
4198863 edges, length [0.19,2.12], 273379 <0.71, 3925384 in [0.71,1.41], 100 >1.41
refining 2 edges
3570541 tets, quality [0.10,1.00], 14901 in [0.10,0.30], 3555640 >0.30
4198873 edges, length [0.19,1.72], 273386 <0.71, 3925389 in [0.71,1.41], 98 >1.41
coarsening 69 vertices
3570197 tets, quality [0.10,1.00], 14894 in [0.10,0.30], 3555303 >0.30
4198460 edges, length [0.19,1.72], 273234 <0.71, 3925128 in [0.71,1.41], 98 >1.41
refining 1 edges
3570200 tets, quality [0.10,1.00], 14894 in [0.10,0.30], 3555306 >0.30
4198464 edges, length [0.19,1.72], 273236 <0.71, 3925131 in [0.71,1.41], 97 >1.41
coarsening 13 vertices
3570141 tets, quality [0.10,1.00], 14895 in [0.10,0.30], 3555246 >0.30
4198392 edges, length [0.19,1.72], 273207 <0.71, 3925088 in [0.71,1.41], 97 >1.41
coarsening 3 vertices
3570126 tets, quality [0.10,1.00], 14895 in [0.10,0.30], 3555231 >0.30
4198374 edges, length [0.19,1.72], 273201 <0.71, 3925076 in [0.71,1.41], 97 >1.41
addressing element qualities
swapping 110774 3D edges
3564742 tets, quality [0.10,1.00], 1546 in [0.10,0.30], 3563196 >0.30
4192990 edges, length [0.19,1.98], 274172 <0.71, 3899498 in [0.71,1.41], 19320 >1.41
swapping 6265 3D edges
3563527 tets, quality [0.11,1.00], 106 in [0.10,0.30], 3563421 >0.30
4191775 edges, length [0.19,1.98], 274191 <0.71, 3897661 in [0.71,1.41], 19923 >1.41
swapping 244 3D edges
3563478 tets, quality [0.14,1.00], 22 in [0.10,0.30], 3563456 >0.30
4191726 edges, length [0.19,1.98], 274192 <0.71, 3897605 in [0.71,1.41], 19929 >1.41
swapping 18 3D edges
3563473 tets, quality [0.15,1.00], 16 in [0.10,0.30], 3563457 >0.30
4191721 edges, length [0.19,1.98], 274192 <0.71, 3897598 in [0.71,1.41], 19931 >1.41
swapping 2 3D edges
3563472 tets, quality [0.15,1.00], 16 in [0.10,0.30], 3563456 >0.30
4191720 edges, length [0.19,1.98], 274192 <0.71, 3897597 in [0.71,1.41], 19931 >1.41
coarsening 66 vertices
3563079 tets, quality [0.15,1.00], 10 in [0.10,0.30], 3563069 >0.30
4191253 edges, length [0.19,2.16], 274118 <0.71, 3897042 in [0.71,1.41], 20093 >1.41
swapping 32 3D edges
3563083 tets, quality [0.15,1.00], 9 in [0.10,0.30], 3563074 >0.30
4191257 edges, length [0.19,2.16], 274118 <0.71, 3897045 in [0.71,1.41], 20094 >1.41
swapping 13 3D edges
3563085 tets, quality [0.15,1.00], 7 in [0.10,0.30], 3563078 >0.30
4191259 edges, length [0.19,2.16], 274118 <0.71, 3897043 in [0.71,1.41], 20098 >1.41
swapping 1 3D edges
3563085 tets, quality [0.15,1.00], 7 in [0.10,0.30], 3563078 >0.30
4191259 edges, length [0.19,2.16], 274118 <0.71, 3897043 in [0.71,1.41], 20098 >1.41
coarsening 26 vertices
3562941 tets, quality [0.23,1.00], 1 in [0.10,0.30], 3562940 >0.30
4191085 edges, length [0.19,2.23], 274098 <0.71, 3896832 in [0.71,1.41], 20155 >1.41
swapping 3 3D edges
3562942 tets, quality [0.23,1.00], 1 in [0.10,0.30], 3562941 >0.30
4191086 edges, length [0.19,2.23], 274098 <0.71, 3896835 in [0.71,1.41], 20153 >1.41
swapping 1 3D edges
3562941 tets, quality [0.30,1.00], 3562941 >0.30
4191085 edges, length [0.19,2.23], 274098 <0.71, 3896834 in [0.71,1.41], 20153 >1.41
quality histogram:
0.00-0.10: 0
0.10-0.20: 0
0.20-0.30: 0
0.30-0.40: 14159
0.40-0.50: 38425
0.50-0.60: 152185
0.60-0.70: 527525
0.70-0.80: 1043623
0.80-0.90: 1230286
0.90-1.00: 556738
length histogram:
0.00-0.30: 59
0.30-0.60: 79581
0.60-0.90: 1339772
0.90-1.20: 1843817
1.20-1.50: 919168
1.50-1.80: 8579
1.80-2.10: 105
2.10-2.40: 4
2.40-2.70: 0
2.70-3.00: 0
average quality: 0.787422
addressing edge lengths took 3.12765 seconds
addressing element qualities took 2.11298 seconds
adapting took 5.27615 seconds

before adapting:
3562941 tets, quality [0.24,1.00], 357 in [0.10,0.30], 3562584 >0.30
4191085 edges, length [0.22,2.52], 94957 <0.71, 3291381 in [0.71,1.41], 804747 >1.41
quality histogram:
0.00-0.10: 0
0.10-0.20: 0
0.20-0.30: 357
0.30-0.40: 14203
0.40-0.50: 41371
0.50-0.60: 163664
0.60-0.70: 545550
0.70-0.80: 1050009
0.80-0.90: 1215027
0.90-1.00: 532760
length histogram:
0.00-0.30: 12
0.30-0.60: 25181
0.60-0.90: 676887
0.90-1.20: 1615382
1.20-1.50: 1414923
1.50-1.80: 454251
1.80-2.10: 4365
2.10-2.40: 81
2.40-2.70: 3
2.70-3.00: 0
average quality: 0.784175
addressing edge lengths
refining 362144 edges
5183546 tets, quality [0.20,1.00], 2617 in [0.10,0.30], 5180929 >0.30
6180130 edges, length [0.13,2.52], 511554 <0.71, 5224239 in [0.71,1.41], 444337 >1.41
coarsening 124092 vertices
4689074 tets, quality [0.10,1.00], 5885 in [0.10,0.30], 4683189 >0.30
5559996 edges, length [0.22,2.52], 279497 <0.71, 4837194 in [0.71,1.41], 443305 >1.41
refining 270857 edges
6016646 tets, quality [0.10,1.00], 9208 in [0.10,0.30], 6007438 >0.30
7160990 edges, length [0.09,2.29], 824873 <0.71, 6163191 in [0.71,1.41], 172926 >1.41
coarsening 210302 vertices
5176573 tets, quality [0.10,1.00], 12177 in [0.10,0.30], 5164396 >0.30
6109038 edges, length [0.14,2.29], 377910 <0.71, 5558646 in [0.71,1.41], 172482 >1.41
refining 138585 edges
5839519 tets, quality [0.10,1.00], 15448 in [0.10,0.30], 5824071 >0.30
6911227 edges, length [0.10,2.14], 713080 <0.71, 6164210 in [0.71,1.41], 33937 >1.41
coarsening 126275 vertices
5328860 tets, quality [0.10,1.00], 18052 in [0.10,0.30], 5310808 >0.30
6273755 edges, length [0.13,2.14], 408155 <0.71, 5831780 in [0.71,1.41], 33820 >1.41
refining 31797 edges
5476058 tets, quality [0.10,1.00], 19383 in [0.10,0.30], 5456675 >0.30
6452819 edges, length [0.12,1.87], 491918 <0.71, 5958875 in [0.71,1.41], 2026 >1.41
coarsening 39204 vertices
5310579 tets, quality [0.10,1.00], 19849 in [0.10,0.30], 5290730 >0.30
6248032 edges, length [0.19,1.87], 395287 <0.71, 5850732 in [0.71,1.41], 2013 >1.41
refining 1855 edges
5318761 tets, quality [0.10,1.00], 19992 in [0.10,0.30], 5298769 >0.30
6258070 edges, length [0.19,1.78], 400397 <0.71, 5857515 in [0.71,1.41], 158 >1.41
coarsening 5848 vertices
5291737 tets, quality [0.10,1.00], 20187 in [0.10,0.30], 5271550 >0.30
6225180 edges, length [0.19,1.78], 387079 <0.71, 5837943 in [0.71,1.41], 158 >1.41
refining 35 edges
5291882 tets, quality [0.10,1.00], 20194 in [0.10,0.30], 5271688 >0.30
6225360 edges, length [0.19,1.78], 387176 <0.71, 5838061 in [0.71,1.41], 123 >1.41
coarsening 592 vertices
5288979 tets, quality [0.10,1.00], 20227 in [0.10,0.30], 5268752 >0.30
6221865 edges, length [0.19,1.78], 385843 <0.71, 5835899 in [0.71,1.41], 123 >1.41
coarsening 74 vertices
5288589 tets, quality [0.10,1.00], 20221 in [0.10,0.30], 5268368 >0.30
6221401 edges, length [0.19,1.78], 385693 <0.71, 5835585 in [0.71,1.41], 123 >1.41
coarsening 13 vertices
5288526 tets, quality [0.10,1.00], 20225 in [0.10,0.30], 5268301 >0.30
6221325 edges, length [0.19,1.78], 385662 <0.71, 5835540 in [0.71,1.41], 123 >1.41
addressing element qualities
swapping 147905 3D edges
5286041 tets, quality [0.10,1.00], 1998 in [0.10,0.30], 5284043 >0.30
6218840 edges, length [0.19,2.03], 386928 <0.71, 5804220 in [0.71,1.41], 27692 >1.41
swapping 7742 3D edges
5284457 tets, quality [0.11,1.00], 103 in [0.10,0.30], 5284354 >0.30
6217256 edges, length [0.19,2.03], 386938 <0.71, 5801856 in [0.71,1.41], 28462 >1.41
swapping 228 3D edges
5284406 tets, quality [0.16,1.00], 20 in [0.10,0.30], 5284386 >0.30
6217205 edges, length [0.19,2.03], 386939 <0.71, 5801807 in [0.71,1.41], 28459 >1.41
swapping 9 3D edges
5284402 tets, quality [0.16,1.00], 15 in [0.10,0.30], 5284387 >0.30
6217201 edges, length [0.19,2.03], 386939 <0.71, 5801804 in [0.71,1.41], 28458 >1.41
swapping 2 3D edges
5284400 tets, quality [0.16,1.00], 14 in [0.10,0.30], 5284386 >0.30
6217199 edges, length [0.19,2.03], 386939 <0.71, 5801802 in [0.71,1.41], 28458 >1.41
coarsening 77 vertices
5283928 tets, quality [0.16,1.00], 6 in [0.10,0.30], 5283922 >0.30
6216646 edges, length [0.19,2.13], 386847 <0.71, 5801160 in [0.71,1.41], 28639 >1.41
swapping 16 3D edges
5283930 tets, quality [0.23,1.00], 4 in [0.10,0.30], 5283926 >0.30
6216648 edges, length [0.19,2.13], 386847 <0.71, 5801159 in [0.71,1.41], 28642 >1.41
swapping 3 3D edges
5283929 tets, quality [0.27,1.00], 3 in [0.10,0.30], 5283926 >0.30
6216647 edges, length [0.19,2.13], 386847 <0.71, 5801159 in [0.71,1.41], 28641 >1.41
coarsening 8 vertices
5283878 tets, quality [0.27,1.00], 1 in [0.10,0.30], 5283877 >0.30
6216588 edges, length [0.19,2.13], 386837 <0.71, 5801090 in [0.71,1.41], 28661 >1.41
swapping 3 3D edges
5283878 tets, quality [0.30,1.00], 5283878 >0.30
6216588 edges, length [0.19,2.13], 386837 <0.71, 5801090 in [0.71,1.41], 28661 >1.41
quality histogram:
0.00-0.10: 0
0.10-0.20: 0
0.20-0.30: 0
0.30-0.40: 18844
0.40-0.50: 50537
0.50-0.60: 208157
0.60-0.70: 775369
0.70-0.80: 1579066
0.80-0.90: 1846598
0.90-1.00: 805307
length histogram:
0.00-0.30: 55
0.30-0.60: 108672
0.60-0.90: 1959672
0.90-1.20: 2664821
1.20-1.50: 1471284
1.50-1.80: 11939
1.80-2.10: 143
2.10-2.40: 2
2.40-2.70: 0
2.70-3.00: 0
average quality: 0.788385
addressing edge lengths took 3.85218 seconds
addressing element qualities took 2.84745 seconds
adapting took 6.79449 seconds

